<?xml version="1.0" encoding="UTF-8"?>
<!-- Generated by org.testng.reporters.JUnitReportReporter -->
<testsuite hostname="SHVLSP2482F1D" name="pack.reportsdemo.TestCase1" tests="1" failures="0" timestamp="27 Sep 2016 10:29:34 GMT" time="8.792" errors="0">
  <testcase name="OpenAUT" time="8.792" classname="pack.reportsdemo.TestCase1"/>
</testsuite> <!-- pack.reportsdemo.TestCase1 -->
