<?xml version="1.0" encoding="UTF-8"?>
<!-- Generated by org.testng.reporters.JUnitReportReporter -->
<testsuite hostname="SHVLSP2482F1D" name="pack.reportsdemo.TestCase2" tests="1" failures="0" timestamp="27 Sep 2016 10:29:34 GMT" time="14.754" errors="0">
  <testcase name="firstTestCase" time="14.754" classname="pack.reportsdemo.TestCase2"/>
</testsuite> <!-- pack.reportsdemo.TestCase2 -->
