<?xml version="1.0" encoding="UTF-8"?>
<!-- Generated by org.testng.reporters.JUnitReportReporter -->
<testsuite hostname="SHVLSP2482F1D" name="pack.reportsdemo.AdvanceReporting" tests="1" failures="0" timestamp="27 Jul 2016 12:13:23 GMT" time="12.068" errors="0">
  <testcase name="verifySeleniumBlog" time="12.068" classname="pack.reportsdemo.AdvanceReporting"/>
</testsuite> <!-- pack.reportsdemo.AdvanceReporting -->
